2026-04-08 09:09:41 [ERROR] Falha ao registrar webhook PIX → HTTP 404 | {"type":"https://pix.bcb.gov.br/api/v2/error/NaoEncontrado","title":"Entidade não encontrada.","status":404,"detail":"Entidade não encontrada.","correlationId":"7540784e-45612576"}
2026-04-08 09:09:41 [ERROR] Erro ao registrar webhook PIX: HTTP 404 — {"type":"https://pix.bcb.gov.br/api/v2/error/NaoEncontrado","title":"Entidade não encontrada.","status":404,"detail":"Entidade não encontrada.","correlationId":"7540784e-45612576"}
2026-04-08 09:13:03 [ERROR] Falha ao registrar webhook PIX → HTTP 404 | {"type":"https://pix.bcb.gov.br/api/v2/error/NaoEncontrado","title":"Entidade não encontrada.","status":404,"detail":"Entidade não encontrada.","correlationId":"01c082ed-21251420"}
2026-04-08 09:13:03 [ERROR] Erro ao registrar webhook PIX: HTTP 404 — {"type":"https://pix.bcb.gov.br/api/v2/error/NaoEncontrado","title":"Entidade não encontrada.","status":404,"detail":"Entidade não encontrada.","correlationId":"01c082ed-21251420"}
2026-04-08 09:13:54 [ERROR] Falha ao registrar webhook PIX → HTTP 400 | {"type":"https://pix.bcb.gov.br/api/v2/error/RequisicaoInvalida","title":"Requisição Inválida","status":400,"detail":"A requisição não respeita o schema ou está semanticamente errada.","violacoes":[{"razao":"webhookUrl","propriedade":"A URL informada é inválida."}]}
2026-04-08 09:13:54 [ERROR] Erro ao registrar webhook PIX: HTTP 400 — {"type":"https://pix.bcb.gov.br/api/v2/error/RequisicaoInvalida","title":"Requisição Inválida","status":400,"detail":"A requisição não respeita o schema ou está semanticamente errada.","violacoes":[{"razao":"webhookUrl","propriedade":"A URL informada é inválida."}]}
2026-04-08 09:47:20 [ERROR] Falha ao registrar webhook PIX → HTTP 400 | {"type":"https://pix.bcb.gov.br/api/v2/error/RequisicaoInvalida","title":"Requisição Inválida","status":400,"detail":"A requisição não respeita o schema ou está semanticamente errada.","violacoes":[{"razao":"webhookUrl","propriedade":"A URL informada é inválida."}]}
2026-04-08 09:47:43 [ERROR] Falha ao registrar webhook PIX → HTTP 400 | {"type":"https://pix.bcb.gov.br/api/v2/error/RequisicaoInvalida","title":"Requisição Inválida","status":400,"detail":"A requisição não respeita o schema ou está semanticamente errada.","violacoes":[{"razao":"webhookUrl","propriedade":"A URL informada é inválida."}]}
2026-04-08 09:53:05 [ERROR] Falha ao registrar webhook PIX → HTTP 400 | {"type":"https://pix.bcb.gov.br/api/v2/error/RequisicaoInvalida","title":"Requisição Inválida","status":400,"detail":"A requisição não respeita o schema ou está semanticamente errada.","violacoes":[{"razao":"webhookUrl","propriedade":"A URL informada é inválida."}]}
2026-04-08 09:53:05 [ERROR] Erro ao registrar webhook PIX: HTTP 400 — {"type":"https://pix.bcb.gov.br/api/v2/error/RequisicaoInvalida","title":"Requisição Inválida","status":400,"detail":"A requisição não respeita o schema ou está semanticamente errada.","violacoes":[{"razao":"webhookUrl","propriedade":"A URL informada é inválida."}]}
2026-04-08 10:09:07 [ERROR] Falha ao listar cobranças PIX → HTTP 400 | {"type":"https://pix.bcb.gov.br/api/v2/error/RequisicaoInvalida","title":"Requisição Inválida","status":400,"detail":"A requisição não respeita o schema ou está semanticamente errada.","violacoes":[{"razao":"fim","propriedade":"Data e hora informadas não podem ser maiores que a data e hora atual."}]}
2026-04-08 10:09:07 [ERROR] Erro ao listar cobranças PIX: HTTP 400 — {"type":"https://pix.bcb.gov.br/api/v2/error/RequisicaoInvalida","title":"Requisição Inválida","status":400,"detail":"A requisição não respeita o schema ou está semanticamente errada.","violacoes":[{"razao":"fim","propriedade":"Data e hora informadas não podem ser maiores que a data e hora atual."}]}
2026-04-08 10:21:38 [ERROR] Falha ao listar cobranças PIX → HTTP 400 | {"type":"https://pix.bcb.gov.br/api/v2/error/RequisicaoInvalida","title":"Requisição Inválida","status":400,"detail":"A requisição não respeita o schema ou está semanticamente errada.","violacoes":[{"razao":"fim","propriedade":"Data e hora informadas não podem ser maiores que a data e hora atual."}]}
2026-04-08 10:22:12 [ERROR] Falha ao listar cobranças PIX → HTTP 400 | {"type":"https://pix.bcb.gov.br/api/v2/error/RequisicaoInvalida","title":"Requisição Inválida","status":400,"detail":"A requisição não respeita o schema ou está semanticamente errada.","violacoes":[{"razao":"fim","propriedade":"Data e hora informadas não podem ser maiores que a data e hora atual."}]}
2026-04-08 10:22:12 [ERROR] Erro ao listar cobranças PIX: HTTP 400 — {"type":"https://pix.bcb.gov.br/api/v2/error/RequisicaoInvalida","title":"Requisição Inválida","status":400,"detail":"A requisição não respeita o schema ou está semanticamente errada.","violacoes":[{"razao":"fim","propriedade":"Data e hora informadas não podem ser maiores que a data e hora atual."}]}
2026-04-08 10:25:49 [ERROR] Falha ao listar cobranças PIX → HTTP 400 | {"type":"https://pix.bcb.gov.br/api/v2/error/RequisicaoInvalida","title":"Requisição Inválida","status":400,"detail":"A requisição não respeita o schema ou está semanticamente errada.","violacoes":[{"razao":"inicio","propriedade":"Data e hora informadas não respeitam a RFC3339"},{"razao":"fim","propriedade":"Data e hora informadas não respeitam a RFC3339"}]}
2026-04-08 10:25:49 [ERROR] Erro ao listar cobranças PIX: HTTP 400 — {"type":"https://pix.bcb.gov.br/api/v2/error/RequisicaoInvalida","title":"Requisição Inválida","status":400,"detail":"A requisição não respeita o schema ou está semanticamente errada.","violacoes":[{"razao":"inicio","propriedade":"Data e hora informadas não respeitam a RFC3339"},{"razao":"fim","propriedade":"Data e hora informadas não respeitam a RFC3339"}]}
2026-04-08 10:28:15 [ERROR] Falha ao listar cobranças PIX → HTTP 400 | {"type":"https://pix.bcb.gov.br/api/v2/error/RequisicaoInvalida","title":"Requisição Inválida","status":400,"detail":"A requisição não respeita o schema ou está semanticamente errada.","violacoes":[{"razao":"fim","propriedade":"Data e hora informadas não podem ser maiores que a data e hora atual."}]}
2026-04-08 10:28:15 [ERROR] Erro ao listar cobranças PIX: HTTP 400 — {"type":"https://pix.bcb.gov.br/api/v2/error/RequisicaoInvalida","title":"Requisição Inválida","status":400,"detail":"A requisição não respeita o schema ou está semanticamente errada.","violacoes":[{"razao":"fim","propriedade":"Data e hora informadas não podem ser maiores que a data e hora atual."}]}
2026-04-08 14:22:42 [ERROR] Falha ao consultar boletos cadastrados → HTTP 400 | {"timestamp":"2026-04-08T17:22:42.701+00:00","error":"BAD_REQUEST","code":"400","message":"O seu numero do boleto deve ter até 10 caracteres."}
2026-04-08 14:22:42 [ERROR] Erro ao consultar boletos cadastrados: HTTP 400 — {"timestamp":"2026-04-08T17:22:42.701+00:00","error":"BAD_REQUEST","code":"400","message":"O seu numero do boleto deve ter até 10 caracteres."}
2026-04-08 14:24:16 [ERROR] Falha ao consultar boletos cadastrados → HTTP 400 | {"timestamp":"2026-04-08T17:24:16.055+00:00","error":"BAD_REQUEST","code":"400","message":"O seu numero do boleto deve ter até 10 caracteres."}
2026-04-08 14:24:16 [ERROR] Erro ao consultar boletos cadastrados: HTTP 400 — {"timestamp":"2026-04-08T17:24:16.055+00:00","error":"BAD_REQUEST","code":"400","message":"O seu numero do boleto deve ter até 10 caracteres."}
2026-04-08 14:24:35 [ERROR] Falha ao consultar boletos cadastrados → HTTP 404 | {"timestamp":"2026-04-08T17:24:35.691+00:00","error":"NOT_FOUND","code":"404","message":"Título não encontrado."}
2026-04-08 14:24:35 [ERROR] Erro ao consultar boletos cadastrados: HTTP 404 — {"timestamp":"2026-04-08T17:24:35.691+00:00","error":"NOT_FOUND","code":"404","message":"Título não encontrado."}
2026-04-08 14:25:24 [ERROR] Falha ao consultar boletos cadastrados → HTTP 400 | {"timestamp":"2026-04-08T17:25:24.243+00:00","error":"BAD_REQUEST","code":"400","message":"O seu numero do boleto deve ter até 10 caracteres."}
2026-04-08 14:25:24 [ERROR] Erro ao consultar boletos cadastrados: HTTP 400 — {"timestamp":"2026-04-08T17:25:24.243+00:00","error":"BAD_REQUEST","code":"400","message":"O seu numero do boleto deve ter até 10 caracteres."}
2026-04-08 14:25:36 [ERROR] Falha ao consultar boletos cadastrados → HTTP 404 | {"timestamp":"2026-04-08T17:25:36.633+00:00","error":"NOT_FOUND","code":"404","message":"Título não encontrado."}
2026-04-08 14:25:36 [ERROR] Erro ao consultar boletos cadastrados: HTTP 404 — {"timestamp":"2026-04-08T17:25:36.633+00:00","error":"NOT_FOUND","code":"404","message":"Título não encontrado."}
2026-04-08 14:25:41 [ERROR] Falha ao consultar boletos cadastrados → HTTP 404 | {"timestamp":"2026-04-08T17:25:41.601+00:00","error":"NOT_FOUND","code":"404","message":"Título não encontrado."}
2026-04-08 14:25:41 [ERROR] Erro ao consultar boletos cadastrados: HTTP 404 — {"timestamp":"2026-04-08T17:25:41.601+00:00","error":"NOT_FOUND","code":"404","message":"Título não encontrado."}
2026-04-08 14:25:59 [ERROR] Falha ao consultar boletos cadastrados → HTTP 404 | {"timestamp":"2026-04-08T17:25:59.339+00:00","error":"NOT_FOUND","code":"404","message":"Título não encontrado."}
2026-04-08 14:25:59 [ERROR] Erro ao consultar boletos cadastrados: HTTP 404 — {"timestamp":"2026-04-08T17:25:59.339+00:00","error":"NOT_FOUND","code":"404","message":"Título não encontrado."}
2026-04-08 14:28:03 [ERROR] Falha ao consultar boletos cadastrados → HTTP 404 | {"timestamp":"2026-04-08T17:28:03.680+00:00","error":"NOT_FOUND","code":"404","message":"Título não encontrado."}
2026-04-08 14:28:03 [ERROR] Erro ao consultar boletos cadastrados: HTTP 404 — {"timestamp":"2026-04-08T17:28:03.680+00:00","error":"NOT_FOUND","code":"404","message":"Título não encontrado."}
2026-04-08 14:31:14 [ERROR] Falha ao consultar boletos cadastrados → HTTP 404 | {"timestamp":"2026-04-08T17:31:14.886+00:00","error":"NOT_FOUND","code":"404","message":"Título não encontrado."}
2026-04-08 14:31:14 [ERROR] Erro ao consultar boletos cadastrados: HTTP 404 — {"timestamp":"2026-04-08T17:31:14.886+00:00","error":"NOT_FOUND","code":"404","message":"Título não encontrado."}
2026-04-08 14:57:54 [ERROR] Falha ao consultar francesinha → HTTP 400 | {"timestamp":"2026-04-08T17:57:53.993+00:00","error":"BAD_REQUEST","code":"400","message":"O campo tipo movimento deve ser CREDITO, DEBITO ou AMBOS."}
2026-04-08 14:57:54 [ERROR] Erro ao consultar francesinha: HTTP 400 — {"timestamp":"2026-04-08T17:57:53.993+00:00","error":"BAD_REQUEST","code":"400","message":"O campo tipo movimento deve ser CREDITO, DEBITO ou AMBOS."}
2026-04-08 15:16:22 [ERROR] Erro ao processar PIX | NF=003128684 | Failed to connect to afv.cini.com.br:1433 in 15000ms
2026-04-08 15:56:15 [ERROR] Erro ao processar PIX | NF=003128960 | Implicit conversion from data type varchar to varbinary(max) is not allowed. Use the CONVERT function to run this query.
